#! /c/Source/iverilog-install/bin/vvp
:ivl_version "12.0 (devel)" "(s20150603-1110-g18392a46)";
:ivl_delay_selection "TYPICAL";
:vpi_time_precision + 0;
:vpi_module "D:\iverilog\lib\ivl\system.vpi";
:vpi_module "D:\iverilog\lib\ivl\vhdl_sys.vpi";
:vpi_module "D:\iverilog\lib\ivl\vhdl_textio.vpi";
:vpi_module "D:\iverilog\lib\ivl\v2005_math.vpi";
:vpi_module "D:\iverilog\lib\ivl\va_math.vpi";
S_00000254ae1f4f00 .scope module, "EX" "EX" 2 11;
 .timescale 0 0;
    .port_info 0 /INPUT 1 "WR";
    .port_info 1 /INPUT 1 "SOUT";
    .port_info 2 /INPUT 1 "WM";
    .port_info 3 /INPUT 1 "RM";
    .port_info 4 /INPUT 1 "NEQ";
    .port_info 5 /INPUT 1 "J";
    .port_info 6 /INPUT 1 "JC";
    .port_info 7 /INPUT 1 "SIN";
    .port_info 8 /INPUT 1 "INA";
    .port_info 9 /INPUT 16 "PC";
    .port_info 10 /INPUT 16 "regVal";
    .port_info 11 /INPUT 16 "sinalExt";
    .port_info 12 /INPUT 3 "funct";
    .port_info 13 /INPUT 2 "rdIn";
    .port_info 14 /INPUT 2 "fwd";
    .port_info 15 /INPUT 16 "dataMem";
    .port_info 16 /INPUT 1 "clock";
    .port_info 17 /OUTPUT 1 "zeroOut";
    .port_info 18 /OUTPUT 16 "acOutValue";
    .port_info 19 /OUTPUT 16 "ulaJumpOut";
    .port_info 20 /OUTPUT 16 "rs";
    .port_info 21 /OUTPUT 2 "rdOut";
    .port_info 22 /OUTPUT 1 "WRMem";
    .port_info 23 /OUTPUT 1 "WMMem";
    .port_info 24 /OUTPUT 1 "RMMem";
    .port_info 25 /OUTPUT 1 "NEQMem";
    .port_info 26 /OUTPUT 1 "JMem";
    .port_info 27 /OUTPUT 1 "JCMem";
o00000254ae21ffe8 .functor BUFZ 1, C4<z>; HiZ drive
v00000254ae273d10_0 .net "INA", 0 0, o00000254ae21ffe8;  0 drivers
o00000254ae220018 .functor BUFZ 1, C4<z>; HiZ drive
v00000254ae274a30_0 .net "J", 0 0, o00000254ae220018;  0 drivers
o00000254ae220048 .functor BUFZ 1, C4<z>; HiZ drive
v00000254ae273270_0 .net "JC", 0 0, o00000254ae220048;  0 drivers
v00000254ae273e50_0 .var "JCMem", 0 0;
v00000254ae273810_0 .var "JMem", 0 0;
o00000254ae220ee8 .functor BUFZ 1, C4<z>; HiZ drive
v00000254ae274530_0 .net "NEQ", 0 0, o00000254ae220ee8;  0 drivers
v00000254ae274850_0 .var "NEQMem", 0 0;
o00000254ae2207c8 .functor BUFZ 16, C4<zzzzzzzzzzzzzzzz>; HiZ drive
v00000254ae273ef0_0 .net "PC", 15 0, o00000254ae2207c8;  0 drivers
o00000254ae220f48 .functor BUFZ 1, C4<z>; HiZ drive
v00000254ae2739f0_0 .net "RM", 0 0, o00000254ae220f48;  0 drivers
v00000254ae2733b0_0 .var "RMMem", 0 0;
o00000254ae2200d8 .functor BUFZ 1, C4<z>; HiZ drive
v00000254ae2748f0_0 .net "SIN", 0 0, o00000254ae2200d8;  0 drivers
o00000254ae220588 .functor BUFZ 1, C4<z>; HiZ drive
v00000254ae273f90_0 .net "SOUT", 0 0, o00000254ae220588;  0 drivers
o00000254ae220fa8 .functor BUFZ 1, C4<z>; HiZ drive
v00000254ae274210_0 .net "WM", 0 0, o00000254ae220fa8;  0 drivers
v00000254ae273310_0 .var "WMMem", 0 0;
o00000254ae221008 .functor BUFZ 1, C4<z>; HiZ drive
v00000254ae274d50_0 .net "WR", 0 0, o00000254ae221008;  0 drivers
v00000254ae274e90_0 .var "WRMem", 0 0;
v00000254ae274f30_0 .net "acInValue", 15 0, v00000254ae272da0_0;  1 drivers
v00000254ae273450_0 .net "acOutValue", 15 0, v00000254ae273020_0;  1 drivers
v00000254ae274fd0_0 .var "choiceACIN", 1 0;
v00000254ae273590_0 .var "choiceULA", 1 0;
o00000254ae220288 .functor BUFZ 1, C4<z>; HiZ drive
v00000254ae2738b0_0 .net "clock", 0 0, o00000254ae220288;  0 drivers
o00000254ae220468 .functor BUFZ 16, C4<zzzzzzzzzzzzzzzz>; HiZ drive
v00000254ae2731d0_0 .net "dataMem", 15 0, o00000254ae220468;  0 drivers
v00000254ae274030_0 .net "escolhaMux", 0 0, v00000254ae2021a0_0;  1 drivers
o00000254ae2206d8 .functor BUFZ 3, C4<zzz>; HiZ drive
v00000254ae2740d0_0 .net "funct", 2 0, o00000254ae2206d8;  0 drivers
o00000254ae221068 .functor BUFZ 2, C4<zz>; HiZ drive
v00000254ae273950_0 .net "fwd", 1 0, o00000254ae221068;  0 drivers
v00000254ae2734f0_0 .net "muxacin", 15 0, v00000254ae272a80_0;  1 drivers
v00000254ae2742b0_0 .net "muxulain", 15 0, v00000254ae274df0_0;  1 drivers
o00000254ae221098 .functor BUFZ 2, C4<zz>; HiZ drive
v00000254ae273a90_0 .net "rdIn", 1 0, o00000254ae221098;  0 drivers
v00000254ae273db0_0 .var "rdOut", 1 0;
o00000254ae220b58 .functor BUFZ 16, C4<zzzzzzzzzzzzzzzz>; HiZ drive
v00000254ae2743f0_0 .net "regVal", 15 0, o00000254ae220b58;  0 drivers
v00000254ae276d30_0 .var "rs", 15 0;
v00000254ae276dd0_0 .net "saidaAc", 0 0, v00000254ae202100_0;  1 drivers
v00000254ae277410_0 .net "saidaMux", 15 0, v00000254ae274b70_0;  1 drivers
o00000254ae2207f8 .functor BUFZ 16, C4<zzzzzzzzzzzzzzzz>; HiZ drive
v00000254ae2777d0_0 .net "sinalExt", 15 0, o00000254ae2207f8;  0 drivers
v00000254ae276650_0 .net "sinal_ula", 2 0, v00000254ae272120_0;  1 drivers
v00000254ae277e10_0 .net "twoandOne", 0 0, v00000254ae272260_0;  1 drivers
v00000254ae2770f0_0 .net "ulaJumpOut", 15 0, v00000254ae2729e0_0;  1 drivers
v00000254ae276970_0 .net "ulaOut", 15 0, v00000254ae273630_0;  1 drivers
v00000254ae276ab0_0 .net "ulaZero", 0 0, v00000254ae274ad0_0;  1 drivers
v00000254ae277730_0 .net "zeroOut", 0 0, v00000254ae274350_0;  1 drivers
E_00000254ae1ee9c0/0 .event anyedge, v00000254ae2736d0_0, v00000254ae209970_0, v00000254ae273950_0, v00000254ae273a90_0;
E_00000254ae1ee9c0/1 .event anyedge, v00000254ae274d50_0, v00000254ae274210_0, v00000254ae2739f0_0, v00000254ae274530_0;
E_00000254ae1ee9c0/2 .event anyedge, v00000254ae201fc0_0, v00000254ae202060_0;
E_00000254ae1ee9c0 .event/or E_00000254ae1ee9c0/0, E_00000254ae1ee9c0/1, E_00000254ae1ee9c0/2;
S_00000254ae1f5090 .scope module, "ACC" "ACControl" 2 63, 3 1 0, S_00000254ae1f4f00;
 .timescale 0 0;
    .port_info 0 /INPUT 1 "jump";
    .port_info 1 /INPUT 1 "jumpC";
    .port_info 2 /INPUT 1 "sin";
    .port_info 3 /INPUT 1 "InA";
    .port_info 4 /INPUT 1 "twone";
    .port_info 5 /OUTPUT 1 "saidaMux";
    .port_info 6 /OUTPUT 1 "saidaAc";
    .port_info 7 /NODIR 0 "";
v00000254ae1f4a20_0 .net "InA", 0 0, o00000254ae21ffe8;  alias, 0 drivers
v00000254ae201fc0_0 .net "jump", 0 0, o00000254ae220018;  alias, 0 drivers
v00000254ae202060_0 .net "jumpC", 0 0, o00000254ae220048;  alias, 0 drivers
v00000254ae202100_0 .var "saidaAc", 0 0;
v00000254ae2021a0_0 .var "saidaMux", 0 0;
v00000254ae209970_0 .net "sin", 0 0, o00000254ae2200d8;  alias, 0 drivers
v00000254ae209a10_0 .net "twone", 0 0, v00000254ae272260_0;  alias, 1 drivers
E_00000254ae1edf80/0 .event anyedge, v00000254ae209a10_0, v00000254ae1f4a20_0, v00000254ae201fc0_0, v00000254ae202060_0;
E_00000254ae1edf80/1 .event anyedge, v00000254ae209970_0;
E_00000254ae1edf80 .event/or E_00000254ae1edf80/0, E_00000254ae1edf80/1;
S_00000254ae209ab0 .scope module, "ACIN" "acIn" 2 96, 4 1 0, S_00000254ae1f4f00;
 .timescale 0 0;
    .port_info 0 /INPUT 16 "newData";
    .port_info 1 /INPUT 1 "accept";
    .port_info 2 /OUTPUT 16 "data";
    .port_info 3 /INPUT 1 "clock";
v00000254ae272ee0_0 .net "accept", 0 0, v00000254ae202100_0;  alias, 1 drivers
v00000254ae2721c0_0 .net "clock", 0 0, o00000254ae220288;  alias, 0 drivers
v00000254ae272da0_0 .var "data", 15 0;
v00000254ae272e40_0 .net "newData", 15 0, v00000254ae272a80_0;  alias, 1 drivers
E_00000254ae1ee600 .event anyedge, v00000254ae202100_0, v00000254ae272e40_0;
S_00000254ae209c40 .scope module, "ACINSOURCE" "mfwd" 2 88, 5 2 0, S_00000254ae1f4f00;
 .timescale 0 0;
    .port_info 0 /INPUT 16 "base";
    .port_info 1 /INPUT 16 "acout";
    .port_info 2 /INPUT 16 "mem";
    .port_info 3 /INPUT 2 "choice";
    .port_info 4 /OUTPUT 16 "out";
v00000254ae2726c0_0 .net "acout", 15 0, v00000254ae273020_0;  alias, 1 drivers
v00000254ae272300_0 .net "base", 15 0, v00000254ae274b70_0;  alias, 1 drivers
v00000254ae272f80_0 .net "choice", 1 0, v00000254ae274fd0_0;  1 drivers
v00000254ae2728a0_0 .net "mem", 15 0, o00000254ae220468;  alias, 0 drivers
v00000254ae272a80_0 .var "out", 15 0;
E_00000254ae1ee880 .event anyedge, v00000254ae272f80_0, v00000254ae272300_0, v00000254ae2726c0_0, v00000254ae2728a0_0;
S_00000254ae204760 .scope module, "ACOUT" "acOut" 2 120, 6 1 0, S_00000254ae1f4f00;
 .timescale 0 0;
    .port_info 0 /INPUT 16 "newData";
    .port_info 1 /INPUT 1 "accept";
    .port_info 2 /INPUT 1 "deny";
    .port_info 3 /OUTPUT 16 "data";
    .port_info 4 /INPUT 1 "clock";
v00000254ae272940_0 .net "accept", 0 0, o00000254ae220588;  alias, 0 drivers
v00000254ae272800_0 .net "clock", 0 0, o00000254ae220288;  alias, 0 drivers
v00000254ae273020_0 .var "data", 15 0;
v00000254ae272580_0 .net "deny", 0 0, v00000254ae202100_0;  alias, 1 drivers
v00000254ae272b20_0 .net "newData", 15 0, v00000254ae273630_0;  alias, 1 drivers
E_00000254ae1ee440 .event anyedge, v00000254ae272940_0, v00000254ae202100_0, v00000254ae272b20_0, v00000254ae2726c0_0;
S_00000254ae2048f0 .scope module, "ALUControl" "controleAlu" 2 57, 7 1 0, S_00000254ae1f4f00;
 .timescale 0 0;
    .port_info 0 /INPUT 3 "opAlu";
    .port_info 1 /OUTPUT 1 "twoandOne";
    .port_info 2 /OUTPUT 3 "sinal_ula";
v00000254ae272d00_0 .net "opAlu", 2 0, o00000254ae2206d8;  alias, 0 drivers
v00000254ae272120_0 .var "sinal_ula", 2 0;
v00000254ae272260_0 .var "twoandOne", 0 0;
E_00000254ae1ee900 .event anyedge, v00000254ae272d00_0;
S_00000254ae204a80 .scope module, "ALUJUMP" "ALUJump" 2 128, 8 2 0, S_00000254ae1f4f00;
 .timescale 0 0;
    .port_info 0 /INPUT 16 "inPC";
    .port_info 1 /INPUT 16 "ini";
    .port_info 2 /INPUT 1 "clock";
    .port_info 3 /OUTPUT 16 "out";
v00000254ae2723a0_0 .net "clock", 0 0, o00000254ae220288;  alias, 0 drivers
v00000254ae272440_0 .net "inPC", 15 0, o00000254ae2207c8;  alias, 0 drivers
v00000254ae272c60_0 .net "ini", 15 0, o00000254ae2207f8;  alias, 0 drivers
v00000254ae2729e0_0 .var "out", 15 0;
E_00000254ae1eedc0 .event negedge, v00000254ae2721c0_0;
S_00000254ae1f76c0 .scope module, "ALUMAIN" "ALU" 2 103, 9 1 0, S_00000254ae1f4f00;
 .timescale 0 0;
    .port_info 0 /INPUT 16 "entrada1";
    .port_info 1 /INPUT 16 "entrada2";
    .port_info 2 /INPUT 3 "sinal_ula";
    .port_info 3 /INPUT 1 "clock";
    .port_info 4 /OUTPUT 16 "saida_ula";
    .port_info 5 /OUTPUT 1 "zero";
v00000254ae273b30_0 .net "clock", 0 0, o00000254ae220288;  alias, 0 drivers
v00000254ae273bd0_0 .net "entrada1", 15 0, v00000254ae274df0_0;  alias, 1 drivers
v00000254ae274c10_0 .net "entrada2", 15 0, v00000254ae272da0_0;  alias, 1 drivers
v00000254ae273630_0 .var "saida_ula", 15 0;
v00000254ae274490_0 .net "sinal_ula", 2 0, v00000254ae272120_0;  alias, 1 drivers
v00000254ae274ad0_0 .var "zero", 0 0;
E_00000254ae1ee000 .event anyedge, v00000254ae273bd0_0, v00000254ae272da0_0, v00000254ae272120_0, v00000254ae272b20_0;
S_00000254ae1f7850 .scope function.vec4.s16, "alu" "alu" 9 18, 9 18 0, S_00000254ae1f76c0;
 .timescale 0 0;
; Variable alu is vec4 return value of scope S_00000254ae1f7850
v00000254ae272760_0 .var "entrada1", 15 0;
v00000254ae272620_0 .var "entrada2", 15 0;
v00000254ae272bc0_0 .var "sinal_ula", 2 0;
TD_EX.ALUMAIN.alu ;
    %load/vec4 v00000254ae272bc0_0;
    %dup/vec4;
    %pushi/vec4 0, 0, 3;
    %cmp/u;
    %jmp/1 T_0.0, 6;
    %dup/vec4;
    %pushi/vec4 1, 0, 3;
    %cmp/u;
    %jmp/1 T_0.1, 6;
    %dup/vec4;
    %pushi/vec4 2, 0, 3;
    %cmp/u;
    %jmp/1 T_0.2, 6;
    %dup/vec4;
    %pushi/vec4 3, 0, 3;
    %cmp/u;
    %jmp/1 T_0.3, 6;
    %dup/vec4;
    %pushi/vec4 4, 0, 3;
    %cmp/u;
    %jmp/1 T_0.4, 6;
    %pushi/vec4 0, 0, 16;
    %ret/vec4 0, 0, 16;  Assign to alu (store_vec4_to_lval)
    %jmp T_0.6;
T_0.0 ;
    %load/vec4 v00000254ae272760_0;
    %load/vec4 v00000254ae272620_0;
    %and;
    %ret/vec4 0, 0, 16;  Assign to alu (store_vec4_to_lval)
    %jmp T_0.6;
T_0.1 ;
    %load/vec4 v00000254ae272760_0;
    %load/vec4 v00000254ae272620_0;
    %or;
    %ret/vec4 0, 0, 16;  Assign to alu (store_vec4_to_lval)
    %jmp T_0.6;
T_0.2 ;
    %load/vec4 v00000254ae272760_0;
    %load/vec4 v00000254ae272620_0;
    %add;
    %ret/vec4 0, 0, 16;  Assign to alu (store_vec4_to_lval)
    %jmp T_0.6;
T_0.3 ;
    %load/vec4 v00000254ae272760_0;
    %load/vec4 v00000254ae272620_0;
    %sub;
    %ret/vec4 0, 0, 16;  Assign to alu (store_vec4_to_lval)
    %jmp T_0.6;
T_0.4 ;
    %load/vec4 v00000254ae272760_0;
    %load/vec4 v00000254ae272620_0;
    %cmp/u;
    %jmp/0xz  T_0.7, 5;
    %pushi/vec4 255, 0, 16;
    %ret/vec4 0, 0, 16;  Assign to alu (store_vec4_to_lval)
    %jmp T_0.8;
T_0.7 ;
    %pushi/vec4 0, 0, 16;
    %ret/vec4 0, 0, 16;  Assign to alu (store_vec4_to_lval)
T_0.8 ;
    %jmp T_0.6;
T_0.6 ;
    %pop/vec4 1;
    %end;
S_00000254ae1f79e0 .scope module, "MUX" "mac" 2 73, 10 2 0, S_00000254ae1f4f00;
 .timescale 0 0;
    .port_info 0 /INPUT 16 "inReg";
    .port_info 1 /INPUT 16 "ini";
    .port_info 2 /INPUT 1 "choice";
    .port_info 3 /OUTPUT 16 "out";
v00000254ae273c70_0 .net "choice", 0 0, v00000254ae2021a0_0;  alias, 1 drivers
v00000254ae2736d0_0 .net "inReg", 15 0, o00000254ae220b58;  alias, 0 drivers
v00000254ae274990_0 .net "ini", 15 0, o00000254ae2207f8;  alias, 0 drivers
v00000254ae274b70_0 .var "out", 15 0;
E_00000254ae1eee80 .event anyedge, v00000254ae2021a0_0, v00000254ae2736d0_0, v00000254ae272c60_0;
S_00000254ae208000 .scope module, "ULASOURCE" "mfwd" 2 80, 5 2 0, S_00000254ae1f4f00;
 .timescale 0 0;
    .port_info 0 /INPUT 16 "base";
    .port_info 1 /INPUT 16 "acout";
    .port_info 2 /INPUT 16 "mem";
    .port_info 3 /INPUT 2 "choice";
    .port_info 4 /OUTPUT 16 "out";
v00000254ae274710_0 .net "acout", 15 0, v00000254ae273020_0;  alias, 1 drivers
v00000254ae2745d0_0 .net "base", 15 0, o00000254ae220b58;  alias, 0 drivers
v00000254ae274cb0_0 .net "choice", 1 0, v00000254ae273590_0;  1 drivers
v00000254ae2747b0_0 .net "mem", 15 0, o00000254ae220468;  alias, 0 drivers
v00000254ae274df0_0 .var "out", 15 0;
E_00000254ae1eeac0 .event anyedge, v00000254ae274cb0_0, v00000254ae2736d0_0, v00000254ae2726c0_0, v00000254ae2728a0_0;
S_00000254ae208190 .scope module, "ZeroAc" "zero" 2 112, 11 1 0, S_00000254ae1f4f00;
 .timescale 0 0;
    .port_info 0 /INPUT 1 "newVal";
    .port_info 1 /INPUT 1 "accept";
    .port_info 2 /INPUT 1 "deny";
    .port_info 3 /OUTPUT 1 "val";
    .port_info 4 /INPUT 1 "clock";
v00000254ae274670_0 .net "accept", 0 0, o00000254ae220588;  alias, 0 drivers
v00000254ae273770_0 .net "clock", 0 0, o00000254ae220288;  alias, 0 drivers
v00000254ae273130_0 .net "deny", 0 0, v00000254ae202100_0;  alias, 1 drivers
v00000254ae274170_0 .net "newVal", 0 0, v00000254ae274ad0_0;  alias, 1 drivers
v00000254ae274350_0 .var "val", 0 0;
    .scope S_00000254ae2048f0;
T_1 ;
    %wait E_00000254ae1ee900;
    %load/vec4 v00000254ae272d00_0;
    %parti/s 1, 1, 2;
    %load/vec4 v00000254ae272d00_0;
    %parti/s 1, 2, 3;
    %and;
    %flag_set/vec4 8;
    %jmp/0xz  T_1.0, 8;
    %pushi/vec4 1, 0, 1;
    %store/vec4 v00000254ae272260_0, 0, 1;
    %jmp T_1.1;
T_1.0 ;
    %pushi/vec4 0, 0, 1;
    %store/vec4 v00000254ae272260_0, 0, 1;
T_1.1 ;
    %load/vec4 v00000254ae272d00_0;
    %store/vec4 v00000254ae272120_0, 0, 3;
    %jmp T_1;
    .thread T_1, $push;
    .scope S_00000254ae1f5090;
T_2 ;
    %wait E_00000254ae1edf80;
    %load/vec4 v00000254ae209a10_0;
    %load/vec4 v00000254ae1f4a20_0;
    %inv;
    %and;
    %assign/vec4 v00000254ae2021a0_0, 0;
    %load/vec4 v00000254ae201fc0_0;
    %load/vec4 v00000254ae202060_0;
    %or;
    %inv;
    %load/vec4 v00000254ae209970_0;
    %load/vec4 v00000254ae209a10_0;
    %or;
    %and;
    %assign/vec4 v00000254ae202100_0, 0;
    %jmp T_2;
    .thread T_2, $push;
    .scope S_00000254ae1f79e0;
T_3 ;
    %wait E_00000254ae1eee80;
    %load/vec4 v00000254ae273c70_0;
    %pad/u 32;
    %cmpi/e 1, 0, 32;
    %jmp/0xz  T_3.0, 4;
    %load/vec4 v00000254ae2736d0_0;
    %assign/vec4 v00000254ae274b70_0, 0;
    %jmp T_3.1;
T_3.0 ;
    %load/vec4 v00000254ae274990_0;
    %assign/vec4 v00000254ae274b70_0, 0;
T_3.1 ;
    %jmp T_3;
    .thread T_3, $push;
    .scope S_00000254ae208000;
T_4 ;
    %wait E_00000254ae1eeac0;
    %load/vec4 v00000254ae274cb0_0;
    %cmpi/e 0, 0, 2;
    %jmp/0xz  T_4.0, 4;
    %load/vec4 v00000254ae2745d0_0;
    %store/vec4 v00000254ae274df0_0, 0, 16;
    %jmp T_4.1;
T_4.0 ;
    %load/vec4 v00000254ae274cb0_0;
    %cmpi/e 1, 0, 2;
    %jmp/0xz  T_4.2, 4;
    %load/vec4 v00000254ae274710_0;
    %store/vec4 v00000254ae274df0_0, 0, 16;
    %jmp T_4.3;
T_4.2 ;
    %load/vec4 v00000254ae2747b0_0;
    %store/vec4 v00000254ae274df0_0, 0, 16;
T_4.3 ;
T_4.1 ;
    %jmp T_4;
    .thread T_4, $push;
    .scope S_00000254ae209c40;
T_5 ;
    %wait E_00000254ae1ee880;
    %load/vec4 v00000254ae272f80_0;
    %cmpi/e 0, 0, 2;
    %jmp/0xz  T_5.0, 4;
    %load/vec4 v00000254ae272300_0;
    %store/vec4 v00000254ae272a80_0, 0, 16;
    %jmp T_5.1;
T_5.0 ;
    %load/vec4 v00000254ae272f80_0;
    %cmpi/e 1, 0, 2;
    %jmp/0xz  T_5.2, 4;
    %load/vec4 v00000254ae2726c0_0;
    %store/vec4 v00000254ae272a80_0, 0, 16;
    %jmp T_5.3;
T_5.2 ;
    %load/vec4 v00000254ae2728a0_0;
    %store/vec4 v00000254ae272a80_0, 0, 16;
T_5.3 ;
T_5.1 ;
    %jmp T_5;
    .thread T_5, $push;
    .scope S_00000254ae209ab0;
T_6 ;
    %wait E_00000254ae1ee600;
    %load/vec4 v00000254ae272ee0_0;
    %cmpi/e 1, 0, 1;
    %jmp/0xz  T_6.0, 4;
    %load/vec4 v00000254ae272e40_0;
    %assign/vec4 v00000254ae272da0_0, 0;
T_6.0 ;
    %jmp T_6;
    .thread T_6, $push;
    .scope S_00000254ae1f76c0;
T_7 ;
    %wait E_00000254ae1ee000;
    %load/vec4 v00000254ae273bd0_0;
    %load/vec4 v00000254ae274c10_0;
    %load/vec4 v00000254ae274490_0;
    %store/vec4 v00000254ae272bc0_0, 0, 3;
    %store/vec4 v00000254ae272620_0, 0, 16;
    %store/vec4 v00000254ae272760_0, 0, 16;
    %callf/vec4 TD_EX.ALUMAIN.alu, S_00000254ae1f7850;
    %store/vec4 v00000254ae273630_0, 0, 16;
    %load/vec4 v00000254ae273630_0;
    %pad/u 32;
    %cmpi/e 0, 0, 32;
    %jmp/0xz  T_7.0, 4;
    %pushi/vec4 1, 0, 1;
    %store/vec4 v00000254ae274ad0_0, 0, 1;
    %jmp T_7.1;
T_7.0 ;
    %pushi/vec4 0, 0, 1;
    %store/vec4 v00000254ae274ad0_0, 0, 1;
T_7.1 ;
    %jmp T_7;
    .thread T_7, $push;
    .scope S_00000254ae208190;
T_8 ;
    %wait E_00000254ae1eedc0;
    %load/vec4 v00000254ae274670_0;
    %pushi/vec4 1, 0, 1;
    %cmp/e;
    %flag_get/vec4 4;
    %load/vec4 v00000254ae273130_0;
    %pushi/vec4 0, 0, 1;
    %cmp/e;
    %flag_get/vec4 4;
    %and;
    %flag_set/vec4 8;
    %jmp/0xz  T_8.0, 8;
    %load/vec4 v00000254ae274170_0;
    %assign/vec4 v00000254ae274350_0, 0;
    %jmp T_8.1;
T_8.0 ;
    %load/vec4 v00000254ae274350_0;
    %assign/vec4 v00000254ae274350_0, 0;
T_8.1 ;
    %jmp T_8;
    .thread T_8;
    .scope S_00000254ae204760;
T_9 ;
    %wait E_00000254ae1ee440;
    %load/vec4 v00000254ae272940_0;
    %pushi/vec4 1, 0, 1;
    %cmp/e;
    %flag_get/vec4 4;
    %load/vec4 v00000254ae272580_0;
    %pushi/vec4 0, 0, 1;
    %cmp/e;
    %flag_get/vec4 4;
    %and;
    %flag_set/vec4 8;
    %jmp/0xz  T_9.0, 8;
    %load/vec4 v00000254ae272b20_0;
    %assign/vec4 v00000254ae273020_0, 0;
    %jmp T_9.1;
T_9.0 ;
    %load/vec4 v00000254ae273020_0;
    %assign/vec4 v00000254ae273020_0, 0;
T_9.1 ;
    %jmp T_9;
    .thread T_9, $push;
    .scope S_00000254ae204a80;
T_10 ;
    %wait E_00000254ae1eedc0;
    %load/vec4 v00000254ae272440_0;
    %load/vec4 v00000254ae272c60_0;
    %add;
    %store/vec4 v00000254ae2729e0_0, 0, 16;
    %jmp T_10;
    .thread T_10;
    .scope S_00000254ae1f4f00;
T_11 ;
    %pushi/vec4 0, 0, 1;
    %store/vec4 v00000254ae274e90_0, 0, 1;
    %pushi/vec4 0, 0, 1;
    %store/vec4 v00000254ae273310_0, 0, 1;
    %pushi/vec4 0, 0, 1;
    %store/vec4 v00000254ae2733b0_0, 0, 1;
    %pushi/vec4 0, 0, 1;
    %store/vec4 v00000254ae274850_0, 0, 1;
    %pushi/vec4 0, 0, 1;
    %store/vec4 v00000254ae273810_0, 0, 1;
    %pushi/vec4 0, 0, 1;
    %store/vec4 v00000254ae273e50_0, 0, 1;
    %end;
    .thread T_11;
    .scope S_00000254ae1f4f00;
T_12 ;
    %wait E_00000254ae1ee9c0;
    %load/vec4 v00000254ae2743f0_0;
    %store/vec4 v00000254ae276d30_0, 0, 16;
    %load/vec4 v00000254ae2748f0_0;
    %pad/u 32;
    %cmpi/e 1, 0, 32;
    %jmp/0xz  T_12.0, 4;
    %load/vec4 v00000254ae273950_0;
    %store/vec4 v00000254ae274fd0_0, 0, 2;
    %pushi/vec4 0, 0, 2;
    %store/vec4 v00000254ae273590_0, 0, 2;
    %jmp T_12.1;
T_12.0 ;
    %pushi/vec4 0, 0, 2;
    %store/vec4 v00000254ae274fd0_0, 0, 2;
    %load/vec4 v00000254ae273950_0;
    %store/vec4 v00000254ae273590_0, 0, 2;
T_12.1 ;
    %load/vec4 v00000254ae273a90_0;
    %store/vec4 v00000254ae273db0_0, 0, 2;
    %load/vec4 v00000254ae274d50_0;
    %store/vec4 v00000254ae274e90_0, 0, 1;
    %load/vec4 v00000254ae274210_0;
    %store/vec4 v00000254ae273310_0, 0, 1;
    %load/vec4 v00000254ae2739f0_0;
    %store/vec4 v00000254ae2733b0_0, 0, 1;
    %load/vec4 v00000254ae274530_0;
    %store/vec4 v00000254ae274850_0, 0, 1;
    %load/vec4 v00000254ae274a30_0;
    %store/vec4 v00000254ae273810_0, 0, 1;
    %load/vec4 v00000254ae273270_0;
    %store/vec4 v00000254ae273e50_0, 0, 1;
    %jmp T_12;
    .thread T_12, $push;
# The file index is used to find the file name in the following table.
:file_names 12;
    "N/A";
    "<interactive>";
    "EX.v";
    "./ACControl.v";
    "./acIn.v";
    "./mfwd.v";
    "./acOut.v";
    "./controleAlu.v";
    "./ALUJump.v";
    "./ALU.v";
    "./mac.v";
    "./zero.v";
